<?xml version="1.0" encoding="UTF-8"?>
<!-- Generated by org.testng.reporters.JUnitReportReporter -->
<testsuite hostname="AliMeer" name="TestCases.lofinPageTest" tests="1" failures="0" timestamp="7 Dec 2020 14:14:26 GMT" time="26.391" errors="0">
  <testcase name="loginPageTest" time="26.391" classname="TestCases.lofinPageTest"/>
</testsuite> <!-- TestCases.lofinPageTest -->
